<?xml version="1.0" encoding="UTF-8"?>
<!-- Generated by org.testng.reporters.JUnitXMLReporter -->
<testsuite ignored="0" hostname="NB5CG7481SKZ" failures="1" tests="1" name="Test" time="208.023" errors="0" timestamp="2022-04-08T13:53:44 SAST">
  <testcase classname="org.bongz.tests.CoreAdminTests" name="campaignManagementTest" time="14.56">
    <failure type="java.lang.AssertionError" message="
Expecting:
 &amp;lt;&amp;quot;Events UI&amp;quot;&amp;gt;
to be equal to:
 &amp;lt;&amp;quot;Events U&amp;quot;&amp;gt;
but was not.">
      <![CDATA[java.lang.AssertionError: 
Expecting:
 <"Events UI">
to be equal to:
 <"Events U">
but was not.
at org.bongz.tests.CoreAdminTests.campaignManagementTest(CoreAdminTests.java:21)
at java.base/java.util.concurrent.FutureTask.run(FutureTask.java:264)
at java.base/java.util.concurrent.Executors$RunnableAdapter.call(Executors.java:515)
at java.base/java.util.concurrent.FutureTask.run(FutureTask.java:264)
at java.base/java.util.concurrent.ThreadPoolExecutor.runWorker(ThreadPoolExecutor.java:1130)
at java.base/java.util.concurrent.ThreadPoolExecutor$Worker.run(ThreadPoolExecutor.java:630)
at java.base/java.lang.Thread.run(Thread.java:831)
... Removed 9 stack frames]]>
    </failure>
  </testcase> <!-- campaignManagementTest -->
</testsuite> <!-- Test -->
