<?xml version="1.0" encoding="UTF-8"?>
<testng-results ignored="0" total="3" passed="2" failed="1" skipped="0">
  <reporter-output>
  </reporter-output>
  <suite started-at="2022-03-05T17:34:51 SAST" name="Suite" finished-at="2022-03-05T17:44:05 SAST" duration-ms="554343">
    <groups>
    </groups>
    <test started-at="2022-03-05T17:34:51 SAST" name="Test" finished-at="2022-03-05T17:44:05 SAST" duration-ms="554343">
      <class name="org.bongz.tests.MultiplyTests">
        <test-method is-config="true" signature="setUp([Ljava.lang.Object;)[pri:0, instance:org.bongz.tests.MultiplyTests@383bfa16]" started-at="2022-03-05T17:34:53 SAST" name="setUp" finished-at="2022-03-05T17:37:21 SAST" duration-ms="147594" status="PASS">
          <params>
            <param index="0">
              <value>
                <![CDATA[[Ljava.lang.Object;@4a29f290]]>
              </value>
            </param>
          </params>
          <reporter-output>
          </reporter-output>
        </test-method> <!-- setUp -->
        <test-method is-config="true" signature="setUp([Ljava.lang.Object;)[pri:0, instance:org.bongz.tests.MultiplyTests@383bfa16]" started-at="2022-03-05T17:34:53 SAST" name="setUp" finished-at="2022-03-05T17:37:22 SAST" duration-ms="148639" status="PASS">
          <params>
            <param index="0">
              <value>
                <![CDATA[[Ljava.lang.Object;@4bee18dc]]>
              </value>
            </param>
          </params>
          <reporter-output>
          </reporter-output>
        </test-method> <!-- setUp -->
        <test-method signature="completeHealthQuestionnareTest(java.util.Map)[pri:0, instance:org.bongz.tests.MultiplyTests@383bfa16]" started-at="2022-03-05T17:37:22 SAST" name="completeHealthQuestionnareTest" description="To check if the user is ablee to complete the health questionaire" data-provider="getData" finished-at="2022-03-05T17:41:51 SAST" duration-ms="269552" status="PASS">
          <params>
            <param index="0">
              <value>
                <![CDATA[{password=QEtCVG9remFuMjAyMQ==, menutxt=Health, browser=chrome, testname=completeHealthQuestionnareTest, execute=yes, version=98.0, username=bomaseko1}]]>
              </value>
            </param>
          </params>
          <reporter-output>
          </reporter-output>
        </test-method> <!-- completeHealthQuestionnareTest -->
        <test-method signature="completeHealthQuestionnareTest(java.util.Map)[pri:0, instance:org.bongz.tests.MultiplyTests@383bfa16]" started-at="2022-03-05T17:37:22 SAST" name="completeHealthQuestionnareTest" description="To check if the user is ablee to complete the health questionaire" data-provider="getData" finished-at="2022-03-05T17:41:43 SAST" duration-ms="260996" status="PASS">
          <params>
            <param index="0">
              <value>
                <![CDATA[{password=QEtCVG9remFuMjAyMQ==, menutxt=Health, browser=edge, testname=completeHealthQuestionnareTest, execute=yes, version=98.0, username=bomaseko1}]]>
              </value>
            </param>
          </params>
          <reporter-output>
          </reporter-output>
        </test-method> <!-- completeHealthQuestionnareTest -->
        <test-method is-config="true" signature="tearDown()[pri:0, instance:org.bongz.tests.MultiplyTests@383bfa16]" started-at="2022-03-05T17:42:07 SAST" name="tearDown" finished-at="2022-03-05T17:42:43 SAST" duration-ms="35910" status="PASS">
          <reporter-output>
          </reporter-output>
        </test-method> <!-- tearDown -->
        <test-method is-config="true" signature="tearDown()[pri:0, instance:org.bongz.tests.MultiplyTests@383bfa16]" started-at="2022-03-05T17:42:07 SAST" name="tearDown" finished-at="2022-03-05T17:42:43 SAST" duration-ms="35793" status="PASS">
          <reporter-output>
          </reporter-output>
        </test-method> <!-- tearDown -->
        <test-method is-config="true" signature="setUp([Ljava.lang.Object;)[pri:0, instance:org.bongz.tests.MultiplyTests@383bfa16]" started-at="2022-03-05T17:42:43 SAST" name="setUp" finished-at="2022-03-05T17:43:41 SAST" duration-ms="58017" status="PASS">
          <params>
            <param index="0">
              <value>
                <![CDATA[[Ljava.lang.Object;@44f3fe83]]>
              </value>
            </param>
          </params>
          <reporter-output>
          </reporter-output>
        </test-method> <!-- setUp -->
        <test-method signature="loginlogoutTest(java.util.Map)[pri:0, instance:org.bongz.tests.MultiplyTests@383bfa16]" started-at="2022-03-05T17:43:41 SAST" name="loginlogoutTest" description="To check if the user can successfully login and logout" data-provider="getData" finished-at="2022-03-05T17:43:53 SAST" duration-ms="12408" status="FAIL">
          <params>
            <param index="0">
              <value>
                <![CDATA[{password=QEtCVG9remFuMjAyMQ==, menutxt=, browser=chrome, testname=loginlogoutTest, execute=yes, version=98.0, username=bomaseko11}]]>
              </value>
            </param>
          </params>
          <exception class="java.lang.AssertionError">
            <message>
              <![CDATA[
Expecting:
 <"Login">
to be equal to:
 <"My Points">
but was not.]]>
            </message>
            <full-stacktrace>
              <![CDATA[java.lang.AssertionError: 
Expecting:
 <"Login">
to be equal to:
 <"My Points">
but was not.
at org.bongz.tests.MultiplyTests.loginlogoutTest(MultiplyTests.java:31)
at java.base/jdk.internal.reflect.NativeMethodAccessorImpl.invoke0(Native Method)
at java.base/jdk.internal.reflect.NativeMethodAccessorImpl.invoke(NativeMethodAccessorImpl.java:78)
at java.base/jdk.internal.reflect.DelegatingMethodAccessorImpl.invoke(DelegatingMethodAccessorImpl.java:43)
at java.base/java.lang.reflect.Method.invoke(Method.java:567)
at org.testng.internal.MethodInvocationHelper.invokeMethod(MethodInvocationHelper.java:133)
at org.testng.internal.TestInvoker.invokeMethod(TestInvoker.java:598)
at org.testng.internal.TestInvoker.invokeTestMethod(TestInvoker.java:173)
at org.testng.internal.TestMethodWithDataProviderMethodWorker.call(TestMethodWithDataProviderMethodWorker.java:77)
at org.testng.internal.TestMethodWithDataProviderMethodWorker.call(TestMethodWithDataProviderMethodWorker.java:15)
at java.base/java.util.concurrent.FutureTask.run(FutureTask.java:264)
at java.base/java.util.concurrent.Executors$RunnableAdapter.call(Executors.java:515)
at java.base/java.util.concurrent.FutureTask.run(FutureTask.java:264)
at java.base/java.util.concurrent.ThreadPoolExecutor.runWorker(ThreadPoolExecutor.java:1130)
at java.base/java.util.concurrent.ThreadPoolExecutor$Worker.run(ThreadPoolExecutor.java:630)
at java.base/java.lang.Thread.run(Thread.java:831)
]]>
            </full-stacktrace>
          </exception> <!-- java.lang.AssertionError -->
          <reporter-output>
          </reporter-output>
        </test-method> <!-- loginlogoutTest -->
        <test-method is-config="true" signature="tearDown()[pri:0, instance:org.bongz.tests.MultiplyTests@383bfa16]" started-at="2022-03-05T17:43:57 SAST" name="tearDown" finished-at="2022-03-05T17:44:05 SAST" duration-ms="8701" status="PASS">
          <reporter-output>
          </reporter-output>
        </test-method> <!-- tearDown -->
      </class> <!-- org.bongz.tests.MultiplyTests -->
    </test> <!-- Test -->
  </suite> <!-- Suite -->
</testng-results>
